[2.582s] DEBUG:colcon:Command line arguments: ['/usr/bin/colcon', 'build', '--packages-select', 'ncvx_navigation']
[2.582s] DEBUG:colcon:Parsed command line arguments: Namespace(log_base=None, log_level=None, verb_name='build', build_base='build', install_base='install', merge_install=False, symlink_install=False, test_result_base=None, continue_on_error=False, executor='parallel', parallel_workers=2, event_handlers=None, ignore_user_meta=False, metas=['./colcon.meta'], base_paths=['.'], packages_ignore=None, packages_ignore_regex=None, paths=None, packages_up_to=None, packages_up_to_regex=None, packages_above=None, packages_above_and_dependencies=None, packages_above_depth=None, packages_select_by_dep=None, packages_skip_by_dep=None, packages_skip_up_to=None, packages_select_build_failed=False, packages_skip_build_finished=False, packages_select_test_failures=False, packages_skip_test_passed=False, packages_select=['ncvx_navigation'], packages_skip=None, packages_select_regex=None, packages_skip_regex=None, packages_start=None, packages_end=None, allow_overriding=[], cmake_args=None, cmake_target=None, cmake_target_skip_unavailable=False, cmake_clean_cache=False, cmake_clean_first=False, cmake_force_configure=False, ament_cmake_args=None, catkin_cmake_args=None, catkin_skip_building_tests=False, verb_parser=<colcon_defaults.argument_parser.defaults.DefaultArgumentsDecorator object at 0x7f98ee78df30>, verb_extension=<colcon_core.verb.build.BuildVerb object at 0x7f98ee78d060>, main=<bound method BuildVerb.main of <colcon_core.verb.build.BuildVerb object at 0x7f98ee78d060>>)
[2.714s] Level 1:colcon.colcon_core.package_discovery:discover_packages(colcon_meta) check parameters
[2.714s] Level 1:colcon.colcon_core.package_discovery:discover_packages(recursive) check parameters
[2.714s] Level 1:colcon.colcon_core.package_discovery:discover_packages(ignore) check parameters
[2.715s] Level 1:colcon.colcon_core.package_discovery:discover_packages(path) check parameters
[2.715s] Level 1:colcon.colcon_core.package_discovery:discover_packages(colcon_meta) discover
[2.715s] Level 1:colcon.colcon_core.package_discovery:discover_packages(recursive) discover
[2.715s] INFO:colcon.colcon_core.package_discovery:Crawling recursively for packages in '/home/eehaap/ros_ws/src/rpw_non_convex_navigation/ncvx_navigation'
[2.715s] Level 1:colcon.colcon_core.package_identification:_identify(.) by extensions ['ignore', 'ignore_ament_install']
[2.715s] Level 1:colcon.colcon_core.package_identification:_identify(.) by extension 'ignore'
[2.715s] Level 1:colcon.colcon_core.package_identification:_identify(.) by extension 'ignore_ament_install'
[2.715s] Level 1:colcon.colcon_core.package_identification:_identify(.) by extensions ['colcon_pkg']
[2.715s] Level 1:colcon.colcon_core.package_identification:_identify(.) by extension 'colcon_pkg'
[2.716s] Level 1:colcon.colcon_core.package_identification:_identify(.) by extensions ['colcon_meta']
[2.716s] Level 1:colcon.colcon_core.package_identification:_identify(.) by extension 'colcon_meta'
[2.716s] Level 1:colcon.colcon_core.package_identification:_identify(.) by extensions ['ros']
[2.716s] Level 1:colcon.colcon_core.package_identification:_identify(.) by extension 'ros'
[2.741s] DEBUG:colcon.colcon_core.package_identification:Package '.' with type 'ros.ament_python' and name 'ncvx_navigation'
[2.741s] Level 1:colcon.colcon_core.package_discovery:discover_packages(recursive) using defaults
[2.741s] Level 1:colcon.colcon_core.package_discovery:discover_packages(ignore) discover
[2.741s] Level 1:colcon.colcon_core.package_discovery:discover_packages(ignore) using defaults
[2.741s] Level 1:colcon.colcon_core.package_discovery:discover_packages(path) discover
[2.741s] Level 1:colcon.colcon_core.package_discovery:discover_packages(path) using defaults
[2.952s] Level 1:colcon.colcon_core.package_discovery:discover_packages(prefix_path) check parameters
[2.952s] Level 1:colcon.colcon_core.package_discovery:discover_packages(prefix_path) discover
[3.024s] DEBUG:colcon.colcon_installed_package_information.package_discovery:Found 1 installed packages in /home/eehaap/ros_ws/install
[3.067s] DEBUG:colcon.colcon_installed_package_information.package_discovery:Found 358 installed packages in /opt/ros/humble
[3.077s] Level 1:colcon.colcon_core.package_discovery:discover_packages(prefix_path) using defaults
[3.441s] Level 5:colcon.colcon_core.verb:set package 'ncvx_navigation' build argument 'cmake_args' from command line to 'None'
[3.441s] Level 5:colcon.colcon_core.verb:set package 'ncvx_navigation' build argument 'cmake_target' from command line to 'None'
[3.441s] Level 5:colcon.colcon_core.verb:set package 'ncvx_navigation' build argument 'cmake_target_skip_unavailable' from command line to 'False'
[3.441s] Level 5:colcon.colcon_core.verb:set package 'ncvx_navigation' build argument 'cmake_clean_cache' from command line to 'False'
[3.441s] Level 5:colcon.colcon_core.verb:set package 'ncvx_navigation' build argument 'cmake_clean_first' from command line to 'False'
[3.441s] Level 5:colcon.colcon_core.verb:set package 'ncvx_navigation' build argument 'cmake_force_configure' from command line to 'False'
[3.441s] Level 5:colcon.colcon_core.verb:set package 'ncvx_navigation' build argument 'ament_cmake_args' from command line to 'None'
[3.441s] Level 5:colcon.colcon_core.verb:set package 'ncvx_navigation' build argument 'catkin_cmake_args' from command line to 'None'
[3.441s] Level 5:colcon.colcon_core.verb:set package 'ncvx_navigation' build argument 'catkin_skip_building_tests' from command line to 'False'
[3.441s] DEBUG:colcon.colcon_core.verb:Building package 'ncvx_navigation' with the following arguments: {'ament_cmake_args': None, 'build_base': '/home/eehaap/ros_ws/src/rpw_non_convex_navigation/ncvx_navigation/build/ncvx_navigation', 'catkin_cmake_args': None, 'catkin_skip_building_tests': False, 'cmake_args': None, 'cmake_clean_cache': False, 'cmake_clean_first': False, 'cmake_force_configure': False, 'cmake_target': None, 'cmake_target_skip_unavailable': False, 'install_base': '/home/eehaap/ros_ws/src/rpw_non_convex_navigation/ncvx_navigation/install/ncvx_navigation', 'merge_install': False, 'path': '/home/eehaap/ros_ws/src/rpw_non_convex_navigation/ncvx_navigation', 'symlink_install': False, 'test_result_base': None}
[3.476s] INFO:colcon.colcon_core.executor:Executing jobs using 'parallel' executor
[3.512s] DEBUG:colcon.colcon_parallel_executor.executor.parallel:run_until_complete
[3.512s] INFO:colcon.colcon_ros.task.ament_python.build:Building ROS package in '/home/eehaap/ros_ws/src/rpw_non_convex_navigation/ncvx_navigation' with build type 'ament_python'
[3.512s] Level 1:colcon.colcon_core.shell:create_environment_hook('ncvx_navigation', 'ament_prefix_path')
[3.559s] INFO:colcon.colcon_core.plugin_system:Skipping extension 'colcon_core.shell.bat': Not used on non-Windows systems
[3.559s] INFO:colcon.colcon_core.shell:Creating environment hook '/home/eehaap/ros_ws/src/rpw_non_convex_navigation/ncvx_navigation/install/ncvx_navigation/share/ncvx_navigation/hook/ament_prefix_path.ps1'
[3.561s] INFO:colcon.colcon_core.shell:Creating environment descriptor '/home/eehaap/ros_ws/src/rpw_non_convex_navigation/ncvx_navigation/install/ncvx_navigation/share/ncvx_navigation/hook/ament_prefix_path.dsv'
[3.562s] INFO:colcon.colcon_core.shell:Creating environment hook '/home/eehaap/ros_ws/src/rpw_non_convex_navigation/ncvx_navigation/install/ncvx_navigation/share/ncvx_navigation/hook/ament_prefix_path.sh'
[3.604s] INFO:colcon.colcon_core.shell:Skip shell extension 'powershell' for command environment: Not usable outside of PowerShell
[3.604s] DEBUG:colcon.colcon_core.shell:Skip shell extension 'dsv' for command environment
[4.342s] INFO:colcon.colcon_core.task.python.build:Building Python package in '/home/eehaap/ros_ws/src/rpw_non_convex_navigation/ncvx_navigation'
[4.381s] INFO:colcon.colcon_core.shell:Skip shell extension 'powershell' for command environment: Not usable outside of PowerShell
[4.381s] DEBUG:colcon.colcon_core.shell:Skip shell extension 'dsv' for command environment
[5.520s] DEBUG:colcon.colcon_core.event_handler.log_command:Invoking command in '/home/eehaap/ros_ws/src/rpw_non_convex_navigation/ncvx_navigation': PYTHONPATH=/home/eehaap/ros_ws/src/rpw_non_convex_navigation/ncvx_navigation/build/ncvx_navigation/prefix_override:/home/eehaap/ros_ws/src/rpw_non_convex_navigation/ncvx_navigation/install/ncvx_navigation/lib/python3.10/site-packages:${PYTHONPATH} /usr/bin/python3 setup.py egg_info --egg-base build/ncvx_navigation build --build-base /home/eehaap/ros_ws/src/rpw_non_convex_navigation/ncvx_navigation/build/ncvx_navigation/build install --record /home/eehaap/ros_ws/src/rpw_non_convex_navigation/ncvx_navigation/build/ncvx_navigation/install.log --single-version-externally-managed
[6.164s] DEBUG:colcon.colcon_core.event_handler.log_command:Invoked command in '/home/eehaap/ros_ws/src/rpw_non_convex_navigation/ncvx_navigation' returned '0': PYTHONPATH=/home/eehaap/ros_ws/src/rpw_non_convex_navigation/ncvx_navigation/build/ncvx_navigation/prefix_override:/home/eehaap/ros_ws/src/rpw_non_convex_navigation/ncvx_navigation/install/ncvx_navigation/lib/python3.10/site-packages:${PYTHONPATH} /usr/bin/python3 setup.py egg_info --egg-base build/ncvx_navigation build --build-base /home/eehaap/ros_ws/src/rpw_non_convex_navigation/ncvx_navigation/build/ncvx_navigation/build install --record /home/eehaap/ros_ws/src/rpw_non_convex_navigation/ncvx_navigation/build/ncvx_navigation/install.log --single-version-externally-managed
[6.217s] Level 1:colcon.colcon_core.environment:checking '/home/eehaap/ros_ws/src/rpw_non_convex_navigation/ncvx_navigation/install/ncvx_navigation' for CMake module files
[6.218s] Level 1:colcon.colcon_core.environment:checking '/home/eehaap/ros_ws/src/rpw_non_convex_navigation/ncvx_navigation/install/ncvx_navigation' for CMake config files
[6.220s] Level 1:colcon.colcon_core.environment:checking '/home/eehaap/ros_ws/src/rpw_non_convex_navigation/ncvx_navigation/install/ncvx_navigation/lib'
[6.220s] Level 1:colcon.colcon_core.environment:checking '/home/eehaap/ros_ws/src/rpw_non_convex_navigation/ncvx_navigation/install/ncvx_navigation/bin'
[6.221s] Level 1:colcon.colcon_core.environment:checking '/home/eehaap/ros_ws/src/rpw_non_convex_navigation/ncvx_navigation/install/ncvx_navigation/lib/pkgconfig/ncvx_navigation.pc'
[6.221s] Level 1:colcon.colcon_core.environment:checking '/home/eehaap/ros_ws/src/rpw_non_convex_navigation/ncvx_navigation/install/ncvx_navigation/lib/python3.10/site-packages'
[6.221s] Level 1:colcon.colcon_core.shell:create_environment_hook('ncvx_navigation', 'pythonpath')
[6.261s] INFO:colcon.colcon_core.shell:Creating environment hook '/home/eehaap/ros_ws/src/rpw_non_convex_navigation/ncvx_navigation/install/ncvx_navigation/share/ncvx_navigation/hook/pythonpath.ps1'
[6.262s] INFO:colcon.colcon_core.shell:Creating environment descriptor '/home/eehaap/ros_ws/src/rpw_non_convex_navigation/ncvx_navigation/install/ncvx_navigation/share/ncvx_navigation/hook/pythonpath.dsv'
[6.262s] INFO:colcon.colcon_core.shell:Creating environment hook '/home/eehaap/ros_ws/src/rpw_non_convex_navigation/ncvx_navigation/install/ncvx_navigation/share/ncvx_navigation/hook/pythonpath.sh'
[6.264s] Level 1:colcon.colcon_core.environment:checking '/home/eehaap/ros_ws/src/rpw_non_convex_navigation/ncvx_navigation/install/ncvx_navigation/bin'
[6.264s] Level 1:colcon.colcon_core.environment:create_environment_scripts_only(ncvx_navigation)
[6.306s] INFO:colcon.colcon_core.shell:Creating package script '/home/eehaap/ros_ws/src/rpw_non_convex_navigation/ncvx_navigation/install/ncvx_navigation/share/ncvx_navigation/package.ps1'
[6.308s] INFO:colcon.colcon_core.shell:Creating package descriptor '/home/eehaap/ros_ws/src/rpw_non_convex_navigation/ncvx_navigation/install/ncvx_navigation/share/ncvx_navigation/package.dsv'
[6.310s] INFO:colcon.colcon_core.shell:Creating package script '/home/eehaap/ros_ws/src/rpw_non_convex_navigation/ncvx_navigation/install/ncvx_navigation/share/ncvx_navigation/package.sh'
[6.312s] INFO:colcon.colcon_core.shell:Creating package script '/home/eehaap/ros_ws/src/rpw_non_convex_navigation/ncvx_navigation/install/ncvx_navigation/share/ncvx_navigation/package.bash'
[6.314s] INFO:colcon.colcon_core.shell:Creating package script '/home/eehaap/ros_ws/src/rpw_non_convex_navigation/ncvx_navigation/install/ncvx_navigation/share/ncvx_navigation/package.zsh'
[6.316s] Level 1:colcon.colcon_core.environment:create_file_with_runtime_dependencies(/home/eehaap/ros_ws/src/rpw_non_convex_navigation/ncvx_navigation/install/ncvx_navigation/share/colcon-core/packages/ncvx_navigation)
[6.317s] DEBUG:colcon.colcon_parallel_executor.executor.parallel:closing loop
[6.318s] DEBUG:colcon.colcon_parallel_executor.executor.parallel:loop closed
[6.318s] DEBUG:colcon.colcon_parallel_executor.executor.parallel:run_until_complete finished with '0'
[6.318s] DEBUG:colcon.colcon_core.event_reactor:joining thread
[6.389s] INFO:colcon.colcon_core.plugin_system:Skipping extension 'colcon_notification.desktop_notification.terminal_notifier': Not used on non-Darwin systems
[6.389s] INFO:colcon.colcon_core.plugin_system:Skipping extension 'colcon_notification.desktop_notification.win32': Not used on non-Windows systems
[6.389s] INFO:colcon.colcon_notification.desktop_notification:Sending desktop notification using 'notify2'
