running egg_info
creating build/ncvx_navigation/ncvx_navigation.egg-info
writing build/ncvx_navigation/ncvx_navigation.egg-info/PKG-INFO
writing dependency_links to build/ncvx_navigation/ncvx_navigation.egg-info/dependency_links.txt
writing entry points to build/ncvx_navigation/ncvx_navigation.egg-info/entry_points.txt
writing requirements to build/ncvx_navigation/ncvx_navigation.egg-info/requires.txt
writing top-level names to build/ncvx_navigation/ncvx_navigation.egg-info/top_level.txt
writing manifest file 'build/ncvx_navigation/ncvx_navigation.egg-info/SOURCES.txt'
reading manifest file 'build/ncvx_navigation/ncvx_navigation.egg-info/SOURCES.txt'
writing manifest file 'build/ncvx_navigation/ncvx_navigation.egg-info/SOURCES.txt'
running build
running build_py
creating /home/eehaap/ros_ws/src/rpw_non_convex_navigation/ncvx_navigation/build/ncvx_navigation/build
creating /home/eehaap/ros_ws/src/rpw_non_convex_navigation/ncvx_navigation/build/ncvx_navigation/build/lib
creating /home/eehaap/ros_ws/src/rpw_non_convex_navigation/ncvx_navigation/build/ncvx_navigation/build/lib/ncvx_navigation
copying ncvx_navigation/__init__.py -> /home/eehaap/ros_ws/src/rpw_non_convex_navigation/ncvx_navigation/build/ncvx_navigation/build/lib/ncvx_navigation
copying ncvx_navigation/ncvx_controller.py -> /home/eehaap/ros_ws/src/rpw_non_convex_navigation/ncvx_navigation/build/ncvx_navigation/build/lib/ncvx_navigation
running install
running install_lib
creating /home/eehaap/ros_ws/src/rpw_non_convex_navigation/ncvx_navigation/install/ncvx_navigation/lib/python3.10/site-packages/ncvx_navigation
copying /home/eehaap/ros_ws/src/rpw_non_convex_navigation/ncvx_navigation/build/ncvx_navigation/build/lib/ncvx_navigation/__init__.py -> /home/eehaap/ros_ws/src/rpw_non_convex_navigation/ncvx_navigation/install/ncvx_navigation/lib/python3.10/site-packages/ncvx_navigation
copying /home/eehaap/ros_ws/src/rpw_non_convex_navigation/ncvx_navigation/build/ncvx_navigation/build/lib/ncvx_navigation/ncvx_controller.py -> /home/eehaap/ros_ws/src/rpw_non_convex_navigation/ncvx_navigation/install/ncvx_navigation/lib/python3.10/site-packages/ncvx_navigation
byte-compiling /home/eehaap/ros_ws/src/rpw_non_convex_navigation/ncvx_navigation/install/ncvx_navigation/lib/python3.10/site-packages/ncvx_navigation/__init__.py to __init__.cpython-310.pyc
byte-compiling /home/eehaap/ros_ws/src/rpw_non_convex_navigation/ncvx_navigation/install/ncvx_navigation/lib/python3.10/site-packages/ncvx_navigation/ncvx_controller.py to ncvx_controller.cpython-310.pyc
running install_data
creating /home/eehaap/ros_ws/src/rpw_non_convex_navigation/ncvx_navigation/install/ncvx_navigation/share/ament_index
creating /home/eehaap/ros_ws/src/rpw_non_convex_navigation/ncvx_navigation/install/ncvx_navigation/share/ament_index/resource_index
creating /home/eehaap/ros_ws/src/rpw_non_convex_navigation/ncvx_navigation/install/ncvx_navigation/share/ament_index/resource_index/packages
copying resource/ncvx_navigation -> /home/eehaap/ros_ws/src/rpw_non_convex_navigation/ncvx_navigation/install/ncvx_navigation/share/ament_index/resource_index/packages
copying package.xml -> /home/eehaap/ros_ws/src/rpw_non_convex_navigation/ncvx_navigation/install/ncvx_navigation/share/ncvx_navigation
copying ./config/obstacles.yaml -> /home/eehaap/ros_ws/src/rpw_non_convex_navigation/ncvx_navigation/install/ncvx_navigation/share/ncvx_navigation
running install_egg_info
Copying build/ncvx_navigation/ncvx_navigation.egg-info to /home/eehaap/ros_ws/src/rpw_non_convex_navigation/ncvx_navigation/install/ncvx_navigation/lib/python3.10/site-packages/ncvx_navigation-0.0.0-py3.10.egg-info
running install_scripts
Installing ncvx_nav_node script to /home/eehaap/ros_ws/src/rpw_non_convex_navigation/ncvx_navigation/install/ncvx_navigation/lib/ncvx_navigation
writing list of installed files to '/home/eehaap/ros_ws/src/rpw_non_convex_navigation/ncvx_navigation/build/ncvx_navigation/install.log'
